2024-02-22 22:00:37,162 [INFO] Activator:176 - 


2024-02-22 22:00:37,167 [INFO] Activator:177 - !SESSION log4j initialized
2024-02-22 22:00:41,287 [INFO] LogOutputStream:77 - [STDOUT_REDIRECT] 
2024-02-22 22:00:43,537 [INFO] ApplicationProperties:184 - Using Application install path: C:\ST\STM32CubeIDE_1.13.2\STM32CubeIDE\plugins\com.st.stm32cube.common.mx_6.9.2.202309101412
2024-02-22 22:00:43,608 [INFO] DbMcusXml:78 - Set database path to: C:\ST\STM32CubeIDE_1.13.2\STM32CubeIDE\plugins\com.st.stm32cube.common.mx_6.9.2.202309101412\\db\/mcu/
2024-02-22 22:00:43,609 [INFO] ApiDb:274 - Set plugin database path to: C:\ST\STM32CubeIDE_1.13.2\STM32CubeIDE\plugins\com.st.stm32cube.common.mx_6.9.2.202309101412\\db\/plugins/boardmanager/
2024-02-22 22:00:43,611 [WARN] ApiDb:259 - Overriding images path with different value:  => C:\ST\STM32CubeIDE_1.13.2\STM32CubeIDE\plugins\com.st.stm32cube.common.mx_6.9.2.202309101412\\db\/plugins/mcufinder/images/
2024-02-22 22:00:43,630 [INFO] ApiDb:250 - Set database path to: C:\Users\gavin\.stmcufinder\plugins\mcufinder//mcu/
2024-02-22 22:00:43,634 [INFO] DbMcusAds:125 - Set database path to: C:\Users\gavin\.stmcufinder\plugins\mcufinder//mcu/
2024-02-22 22:00:43,643 [INFO] CrossReferenceDbSqlite:203 - Set database path to: C:\Users\gavin\.stmcufinder\plugins\mcufinder//mcu/cs/
2024-02-22 22:00:43,805 [INFO] RulesReader:64 - Compatibility file has been processed (293 Rules)
2024-02-22 22:00:43,917 [INFO] DbMcusXml:78 - Set database path to: C:\ST\STM32CubeIDE_1.13.2\STM32CubeIDE\plugins\com.st.stm32cube.common.mx_6.9.2.202309101412\\db\/mcu/
2024-02-22 22:00:43,917 [INFO] ApiDb:274 - Set plugin database path to: C:\ST\STM32CubeIDE_1.13.2\STM32CubeIDE\plugins\com.st.stm32cube.common.mx_6.9.2.202309101412\\db\/plugins/boardmanager/
2024-02-22 22:00:43,918 [INFO] ApiDb:261 - Set plugin images path to: C:\ST\STM32CubeIDE_1.13.2\STM32CubeIDE\plugins\com.st.stm32cube.common.mx_6.9.2.202309101412\\db\/plugins/mcufinder/images/
2024-02-22 22:00:43,918 [WARN] DbFile:41 - Overriding database path with different value: C:\Users\gavin\.stmcufinder\plugins\mcufinder/ => C:\Users\gavin\.stmcufinder\plugins\mcufinder
2024-02-22 22:00:43,918 [INFO] ApiDb:250 - Set database path to: C:\Users\gavin\.stmcufinder\plugins\mcufinder//mcu/
2024-02-22 22:00:43,918 [WARN] DbFile:41 - Overriding database path with different value: C:\Users\gavin\.stmcufinder\plugins\mcufinder/ => C:\Users\gavin\.stmcufinder\plugins\mcufinder
2024-02-22 22:00:43,918 [INFO] DbMcusAds:125 - Set database path to: C:\Users\gavin\.stmcufinder\plugins\mcufinder//mcu/
2024-02-22 22:00:43,918 [WARN] DbFile:41 - Overriding database path with different value: C:\Users\gavin\.stmcufinder\plugins\mcufinder/ => C:\Users\gavin\.stmcufinder\plugins\mcufinder
2024-02-22 22:00:43,918 [WARN] DbFile:41 - Overriding database path with different value: C:\Users\gavin\.stmcufinder\plugins\mcufinder/ => C:\Users\gavin\.stmcufinder\plugins\mcufinder
2024-02-22 22:00:43,918 [INFO] CrossReferenceDbSqlite:203 - Set database path to: C:\Users\gavin\.stmcufinder\plugins\mcufinder//mcu/cs/
2024-02-22 22:00:44,000 [INFO] MainPanel:262 - HeapMemory: 268435456
2024-02-22 22:00:44,060 [INFO] DbMcusXml:78 - Set database path to: C:\ST\STM32CubeIDE_1.13.2\STM32CubeIDE\plugins\com.st.stm32cube.common.mx_6.9.2.202309101412\\db\/mcu/
2024-02-22 22:00:44,060 [INFO] ApiDb:274 - Set plugin database path to: C:\ST\STM32CubeIDE_1.13.2\STM32CubeIDE\plugins\com.st.stm32cube.common.mx_6.9.2.202309101412\\db\/plugins/boardmanager/
2024-02-22 22:00:44,060 [INFO] ApiDb:261 - Set plugin images path to: C:\ST\STM32CubeIDE_1.13.2\STM32CubeIDE\plugins\com.st.stm32cube.common.mx_6.9.2.202309101412\\db\/plugins/mcufinder/images/
2024-02-22 22:00:44,061 [WARN] DbFile:41 - Overriding database path with different value: C:\Users\gavin\.stmcufinder\plugins\mcufinder/ => C:\Users\gavin\.stmcufinder\plugins\mcufinder
2024-02-22 22:00:44,061 [INFO] ApiDb:250 - Set database path to: C:\Users\gavin\.stmcufinder\plugins\mcufinder//mcu/
2024-02-22 22:00:44,061 [WARN] DbFile:41 - Overriding database path with different value: C:\Users\gavin\.stmcufinder\plugins\mcufinder/ => C:\Users\gavin\.stmcufinder\plugins\mcufinder
2024-02-22 22:00:44,061 [INFO] DbMcusAds:125 - Set database path to: C:\Users\gavin\.stmcufinder\plugins\mcufinder//mcu/
2024-02-22 22:00:44,061 [WARN] DbFile:41 - Overriding database path with different value: C:\Users\gavin\.stmcufinder\plugins\mcufinder/ => C:\Users\gavin\.stmcufinder\plugins\mcufinder
2024-02-22 22:00:44,061 [WARN] DbFile:41 - Overriding database path with different value: C:\Users\gavin\.stmcufinder\plugins\mcufinder/ => C:\Users\gavin\.stmcufinder\plugins\mcufinder
2024-02-22 22:00:44,061 [INFO] CrossReferenceDbSqlite:203 - Set database path to: C:\Users\gavin\.stmcufinder\plugins\mcufinder//mcu/cs/
2024-02-22 22:00:44,075 [INFO] ApplicationProperties:184 - Using Application install path: C:\ST\STM32CubeIDE_1.13.2\STM32CubeIDE\plugins\com.st.stm32cube.common.mx_6.9.2.202309101412
2024-02-22 22:00:44,076 [INFO] PluginManage:196 - Search for loadable plugins [exclusion list=, ]
2024-02-22 22:00:44,077 [INFO] PluginManage:310 - Check plugin analytics
2024-02-22 22:00:44,266 [INFO] AnalyticsPlugin:253 - Accepted Software Licenses: 
2024-02-22 22:00:44,266 [INFO] AnalyticsPlugin:255 - Accepted CMSIS Pack Licenses: 
2024-02-22 22:00:44,267 [INFO] AnalyticsPlugin:257 - Accepted Firmware Licenses: FW.F4.1.27.0
2024-02-22 22:00:44,271 [INFO] PluginManage:359 - Loaded plugin analytics (category:tool,tabindex:-1)
2024-02-22 22:00:44,273 [INFO] PluginManage:310 - Check plugin cadmodel
2024-02-22 22:00:44,281 [INFO] CADModel:105 - Init CAD model plugin
2024-02-22 22:00:44,281 [INFO] PluginManage:359 - Loaded plugin cadmodel (category:power,tabindex:5)
2024-02-22 22:00:44,281 [INFO] PluginManage:310 - Check plugin clock
2024-02-22 22:00:44,292 [INFO] PluginManage:359 - Loaded plugin clock (category:base,tabindex:2)
2024-02-22 22:00:44,292 [INFO] PluginManage:310 - Check plugin ddr
2024-02-22 22:00:44,294 [INFO] PluginManage:359 - Loaded plugin ddr (category:tool,tabindex:6)
2024-02-22 22:00:44,294 [INFO] PluginManage:310 - Check plugin filemanager
2024-02-22 22:00:44,482 [INFO] PluginManage:359 - Loaded plugin filemanager (category:base,tabindex:10)
2024-02-22 22:00:44,483 [INFO] PluginManage:310 - Check plugin ipmanager
2024-02-22 22:00:44,500 [INFO] PluginManage:359 - Loaded plugin ipmanager (category:base,tabindex:5)
2024-02-22 22:00:44,510 [INFO] PluginManage:310 - Check plugin lpbam
2024-02-22 22:00:44,519 [INFO] PluginManage:359 - Loaded plugin lpbam (category:base,tabindex:0)
2024-02-22 22:00:44,519 [INFO] PluginManage:310 - Check plugin memorymap
2024-02-22 22:00:44,528 [INFO] PluginManage:359 - Loaded plugin memorymap (category:base,tabindex:4)
2024-02-22 22:00:44,528 [INFO] PluginManage:310 - Check plugin pinoutandconfiguration
2024-02-22 22:00:44,533 [INFO] PluginManage:359 - Loaded plugin pinoutandconfiguration (category:base,tabindex:1)
2024-02-22 22:00:44,533 [INFO] PluginManage:310 - Check plugin pinoutconfig
2024-02-22 22:00:44,622 [WARN] SupportedApi:132 - Cannot load RTOS API schema: s4s-elt-must-match.1: The content of 'definitions' must match (annotation?, (simpleType | complexType)?, (unique | key | keyref)*)). A problem was found starting at: attribute.
2024-02-22 22:00:44,801 [INFO] PluginManage:359 - Loaded plugin pinoutconfig (category:base,tabindex:0)
2024-02-22 22:00:44,802 [INFO] PluginManage:310 - Check plugin power
2024-02-22 22:00:44,824 [INFO] PluginManage:359 - Loaded plugin power (category:power,tabindex:4)
2024-02-22 22:00:44,824 [INFO] PluginManage:310 - Check plugin projectmanager
2024-02-22 22:00:44,844 [INFO] PluginManage:359 - Loaded plugin projectmanager (category:projectmanager,tabindex:3)
2024-02-22 22:00:44,844 [INFO] PluginManage:310 - Check plugin thirdparty
2024-02-22 22:00:44,975 [WARN] IntegrityCheckThread:84 - waiting for thirdparty lock release [integrity check]
2024-02-22 22:00:44,975 [INFO] PluginManage:359 - Loaded plugin thirdparty (category:base,tabindex:-1)
2024-02-22 22:00:44,975 [INFO] IntegrityCheckThread:86 - entering critical section [integrity check]
2024-02-22 22:00:44,975 [INFO] PluginManage:310 - Check plugin tools
2024-02-22 22:00:44,977 [INFO] ThirdPartyUpdaterWithRetryManager:70 - Updater plugin not ready yet. [1/15]
2024-02-22 22:00:44,982 [INFO] PluginManage:359 - Loaded plugin tools (category:base,tabindex:7)
2024-02-22 22:00:44,982 [INFO] PluginManage:310 - Check plugin tutovideos
2024-02-22 22:00:45,123 [INFO] PluginManage:359 - Loaded plugin tutovideos (category:base,tabindex:-1)
2024-02-22 22:00:45,123 [INFO] PluginManage:310 - Check plugin updater
2024-02-22 22:00:45,134 [INFO] PluginManage:359 - Loaded plugin updater (category:base,tabindex:12)
2024-02-22 22:00:45,134 [INFO] PluginManage:310 - Check plugin userauth
2024-02-22 22:00:45,139 [INFO] UserAuth:113 - Init User Auth plugin
2024-02-22 22:00:45,139 [INFO] PluginManage:359 - Loaded plugin userauth (category:base,tabindex:14)
2024-02-22 22:00:45,139 [INFO] PluginManage:283 - PluginManage : Loaded plugins [17]
2024-02-22 22:00:45,349 [INFO] PinOutPanel:1499 - setPackage(No Configuration,No Configuration)
2024-02-22 22:00:45,443 [INFO] CADModel:165 - CPN selected for project level
2024-02-22 22:00:45,443 [INFO] CADModel:114 - Register for checkConnection events
2024-02-22 22:00:45,458 [INFO] IPUIPlugin:80 - create IPUIPlugin
2024-02-22 22:00:45,458 [INFO] PluginManager:220 - loadIPPluginJar : add adc
2024-02-22 22:00:45,462 [INFO] IPUIPlugin:80 - create IPUIPlugin
2024-02-22 22:00:45,462 [INFO] PluginManager:220 - loadIPPluginJar : add aes
2024-02-22 22:00:45,466 [INFO] IPUIPlugin:80 - create IPUIPlugin
2024-02-22 22:00:45,466 [INFO] PluginManager:220 - loadIPPluginJar : add can
2024-02-22 22:00:45,467 [INFO] IPUIPlugin:80 - create IPUIPlugin
2024-02-22 22:00:45,467 [INFO] PluginManager:220 - loadIPPluginJar : add comp
2024-02-22 22:00:45,473 [INFO] IPUIPlugin:80 - create IPUIPlugin
2024-02-22 22:00:45,473 [INFO] PluginManager:220 - loadIPPluginJar : add cryp
2024-02-22 22:00:45,475 [INFO] IPUIPlugin:80 - create IPUIPlugin
2024-02-22 22:00:45,475 [INFO] PluginManager:220 - loadIPPluginJar : add dfsdm
2024-02-22 22:00:45,479 [INFO] IPUIPlugin:80 - create IPUIPlugin
2024-02-22 22:00:45,479 [INFO] PluginManager:220 - loadIPPluginJar : add dma
2024-02-22 22:00:45,481 [INFO] IPUIPlugin:80 - create IPUIPlugin
2024-02-22 22:00:45,481 [INFO] PluginManager:220 - loadIPPluginJar : add dma3
2024-02-22 22:00:45,482 [INFO] IPUIPlugin:80 - create IPUIPlugin
2024-02-22 22:00:45,482 [INFO] PluginManager:220 - loadIPPluginJar : add fatfs
2024-02-22 22:00:45,485 [INFO] IPUIPlugin:80 - create IPUIPlugin
2024-02-22 22:00:45,485 [INFO] PluginManager:220 - loadIPPluginJar : add fmc
2024-02-22 22:00:45,488 [INFO] IPUIPlugin:80 - create IPUIPlugin
2024-02-22 22:00:45,488 [INFO] PluginManager:220 - loadIPPluginJar : add freertos
2024-02-22 22:00:45,489 [INFO] IPUIPlugin:80 - create IPUIPlugin
2024-02-22 22:00:45,489 [INFO] PluginManager:220 - loadIPPluginJar : add genericplugin
2024-02-22 22:00:45,491 [INFO] IPUIPlugin:80 - create IPUIPlugin
2024-02-22 22:00:45,491 [INFO] PluginManager:220 - loadIPPluginJar : add gfxmmu
2024-02-22 22:00:45,494 [INFO] IPUIPlugin:80 - create IPUIPlugin
2024-02-22 22:00:45,494 [INFO] PluginManager:220 - loadIPPluginJar : add gic
2024-02-22 22:00:45,502 [INFO] IPUIPlugin:80 - create IPUIPlugin
2024-02-22 22:00:45,502 [INFO] PluginManager:220 - loadIPPluginJar : add gpio
2024-02-22 22:00:45,504 [INFO] IPUIPlugin:80 - create IPUIPlugin
2024-02-22 22:00:45,504 [INFO] PluginManager:220 - loadIPPluginJar : add gtzc
2024-02-22 22:00:45,505 [INFO] IPUIPlugin:80 - create IPUIPlugin
2024-02-22 22:00:45,505 [INFO] PluginManager:220 - loadIPPluginJar : add hash
2024-02-22 22:00:45,507 [INFO] IPUIPlugin:80 - create IPUIPlugin
2024-02-22 22:00:45,508 [INFO] PluginManager:220 - loadIPPluginJar : add i2c
2024-02-22 22:00:45,510 [INFO] IPUIPlugin:80 - create IPUIPlugin
2024-02-22 22:00:45,510 [INFO] PluginManager:220 - loadIPPluginJar : add i2s
2024-02-22 22:00:45,512 [INFO] IPUIPlugin:80 - create IPUIPlugin
2024-02-22 22:00:45,512 [INFO] PluginManager:220 - loadIPPluginJar : add i3c
2024-02-22 22:00:45,515 [INFO] IPUIPlugin:80 - create IPUIPlugin
2024-02-22 22:00:45,515 [INFO] PluginManager:220 - loadIPPluginJar : add ipddr
2024-02-22 22:00:45,521 [INFO] IPUIPlugin:80 - create IPUIPlugin
2024-02-22 22:00:45,522 [INFO] PluginManager:220 - loadIPPluginJar : add linkedlist
2024-02-22 22:00:45,523 [INFO] IPUIPlugin:80 - create IPUIPlugin
2024-02-22 22:00:45,523 [INFO] PluginManager:220 - loadIPPluginJar : add lorawan
2024-02-22 22:00:45,524 [INFO] IPUIPlugin:80 - create IPUIPlugin
2024-02-22 22:00:45,525 [INFO] PluginManager:220 - loadIPPluginJar : add ltdc
2024-02-22 22:00:45,529 [INFO] IPUIPlugin:80 - create IPUIPlugin
2024-02-22 22:00:45,529 [INFO] PluginManager:220 - loadIPPluginJar : add mdma
2024-02-22 22:00:45,534 [INFO] IPUIPlugin:80 - create IPUIPlugin
2024-02-22 22:00:45,534 [INFO] PluginManager:220 - loadIPPluginJar : add nvic
2024-02-22 22:00:45,537 [INFO] IPUIPlugin:80 - create IPUIPlugin
2024-02-22 22:00:45,537 [INFO] PluginManager:220 - loadIPPluginJar : add opamp
2024-02-22 22:00:45,539 [INFO] IPUIPlugin:80 - create IPUIPlugin
2024-02-22 22:00:45,539 [INFO] PluginManager:220 - loadIPPluginJar : add openamp
2024-02-22 22:00:45,543 [INFO] IPUIPlugin:80 - create IPUIPlugin
2024-02-22 22:00:45,543 [INFO] PluginManager:220 - loadIPPluginJar : add pdm2pcm
2024-02-22 22:00:45,547 [INFO] IPUIPlugin:80 - create IPUIPlugin
2024-02-22 22:00:45,550 [INFO] PluginManager:220 - loadIPPluginJar : add plateformsettings
2024-02-22 22:00:45,551 [INFO] IPUIPlugin:80 - create IPUIPlugin
2024-02-22 22:00:45,551 [INFO] PluginManager:220 - loadIPPluginJar : add quadspi
2024-02-22 22:00:45,554 [INFO] IPUIPlugin:80 - create IPUIPlugin
2024-02-22 22:00:45,554 [INFO] PluginManager:220 - loadIPPluginJar : add resmgrutility
2024-02-22 22:00:45,555 [INFO] IPUIPlugin:80 - create IPUIPlugin
2024-02-22 22:00:45,556 [INFO] PluginManager:220 - loadIPPluginJar : add sai
2024-02-22 22:00:45,557 [INFO] IPUIPlugin:80 - create IPUIPlugin
2024-02-22 22:00:45,557 [INFO] PluginManager:220 - loadIPPluginJar : add spi
2024-02-22 22:00:45,560 [INFO] IPUIPlugin:80 - create IPUIPlugin
2024-02-22 22:00:45,561 [INFO] PluginManager:220 - loadIPPluginJar : add stm32_wpan
2024-02-22 22:00:45,561 [INFO] IPUIPlugin:80 - create IPUIPlugin
2024-02-22 22:00:45,562 [INFO] PluginManager:220 - loadIPPluginJar : add tim
2024-02-22 22:00:45,564 [INFO] IPUIPlugin:80 - create IPUIPlugin
2024-02-22 22:00:45,564 [INFO] PluginManager:220 - loadIPPluginJar : add touchsensing
2024-02-22 22:00:45,565 [INFO] IPUIPlugin:80 - create IPUIPlugin
2024-02-22 22:00:45,565 [INFO] PluginManager:220 - loadIPPluginJar : add tracer_emb
2024-02-22 22:00:45,567 [INFO] IPUIPlugin:80 - create IPUIPlugin
2024-02-22 22:00:45,567 [INFO] PluginManager:220 - loadIPPluginJar : add ts
2024-02-22 22:00:45,568 [INFO] IPUIPlugin:80 - create IPUIPlugin
2024-02-22 22:00:45,568 [INFO] PluginManager:220 - loadIPPluginJar : add tsc
2024-02-22 22:00:45,569 [INFO] IPUIPlugin:80 - create IPUIPlugin
2024-02-22 22:00:45,569 [INFO] PluginManager:220 - loadIPPluginJar : add ucpd
2024-02-22 22:00:45,572 [INFO] IPUIPlugin:80 - create IPUIPlugin
2024-02-22 22:00:45,572 [INFO] PluginManager:220 - loadIPPluginJar : add usart
2024-02-22 22:00:45,574 [INFO] IPUIPlugin:80 - create IPUIPlugin
2024-02-22 22:00:45,574 [INFO] PluginManager:220 - loadIPPluginJar : add usbx
2024-02-22 22:00:45,698 [INFO] CADModel:165 - CPN selected for project level
2024-02-22 22:00:45,699 [INFO] CADModel:114 - Register for checkConnection events
2024-02-22 22:00:45,699 [FATAL] Updater:308 - Updater called before beeing initialized
2024-02-22 22:00:45,699 [ERROR] CADModel:125 - Updater not yet initialized, retry later 
2024-02-22 22:00:45,927 [INFO] CADModel:165 - CPN selected for project level
2024-02-22 22:00:45,927 [INFO] CADModel:114 - Register for checkConnection events
2024-02-22 22:00:45,927 [FATAL] Updater:308 - Updater called before beeing initialized
2024-02-22 22:00:45,927 [ERROR] CADModel:125 - Updater not yet initialized, retry later 
2024-02-22 22:00:45,929 [FATAL] Updater:308 - Updater called before beeing initialized
2024-02-22 22:00:46,024 [FATAL] Updater:308 - Updater called before beeing initialized
2024-02-22 22:00:46,029 [INFO] DbMcusAds:53 - JSON generation date=Wed Nov 29 02:52:27 PST 2023 (1701255147200)
2024-02-22 22:00:46,029 [FATAL] Updater:308 - Updater called before beeing initialized
2024-02-22 22:00:46,058 [WARN] DetailPanel:346 - Failed to get advertising image, set to default
2024-02-22 22:00:46,146 [FATAL] Updater:308 - Updater called before beeing initialized
2024-02-22 22:00:46,148 [FATAL] Updater:308 - Updater called before beeing initialized
2024-02-22 22:00:46,148 [FATAL] Updater:308 - Updater called before beeing initialized
2024-02-22 22:00:46,148 [WARN] DetailPanel:346 - Failed to get advertising image, set to default
2024-02-22 22:00:46,149 [FATAL] Updater:308 - Updater called before beeing initialized
2024-02-22 22:00:46,224 [ERROR] Updater:1120 - MainUpdater not yet initialized. External WinMGr cannot be set.
2024-02-22 22:00:46,228 [INFO] Updater:1056 - Updater Version found : 6.9.2
2024-02-22 22:00:46,271 [INFO] ApplicationProperties:184 - Using Application install path: C:\ST\STM32CubeIDE_1.13.2\STM32CubeIDE\plugins\com.st.stm32cube.common.mx_6.9.2.202309101412
2024-02-22 22:00:46,538 [INFO] MainUpdater:2868 - connection check result : 10
2024-02-22 22:00:46,541 [INFO] MainUpdater:285 - Updater Check For Update Now.
2024-02-22 22:00:46,541 [INFO] MicroXplorer:498 - Change Database Version : DB.6.0.92
2024-02-22 22:00:46,576 [INFO] McuFinderGlobals:63 - Set McuFinder mode to 2 (CubeIDE integrated)
2024-02-22 22:00:46,755 [INFO] CheckServerUpdateThread:120 - End of CheckServer Thread
2024-02-22 22:00:48,169 [WARN] PackLoader:240 - Cannot read IP mode file for STMicroelectronics.X-CUBE-SMBUS.2.1.0
2024-02-22 22:00:48,184 [WARN] PackLoader:240 - Cannot read IP mode file for STMicroelectronics.X-CUBE-TOUCHGFX.4.23.0
2024-02-22 22:00:48,228 [WARN] PackLoader:240 - Cannot read IP mode file for STMicroelectronics.X-CUBE-AZRTOS-F7.1.1.0
2024-02-22 22:00:48,241 [WARN] PackLoader:240 - Cannot read IP mode file for STMicroelectronics.FP-SNS-MOTENV1.4.3.2
2024-02-22 22:00:48,248 [WARN] PackLoader:240 - Cannot read IP mode file for STMicroelectronics.FP-SNS-FLIGHT1.5.0.2
2024-02-22 22:00:48,267 [WARN] PackLoader:240 - Cannot read IP mode file for STMicroelectronics.X-CUBE-DISPLAY.3.0.0
2024-02-22 22:00:48,317 [WARN] PackLoader:240 - Cannot read IP mode file for STMicroelectronics.X-CUBE-BLE1.7.0.0
2024-02-22 22:00:48,326 [WARN] PackLoader:240 - Cannot read IP mode file for emotas.I-CUBE-CANOPEN.1.3.0
2024-02-22 22:00:48,330 [WARN] PackLoader:240 - Cannot read IP mode file for STMicroelectronics.X-CUBE-TOUCHGFX.4.22.0
2024-02-22 22:00:48,344 [WARN] PackLoader:240 - Cannot read IP mode file for STMicroelectronics.X-CUBE-TOUCHGFX.4.22.1
2024-02-22 22:00:48,350 [WARN] PackLoader:240 - Cannot read IP mode file for STMicroelectronics.FP-SNS-SMARTAG2.1.2.0
2024-02-22 22:00:48,364 [INFO] LogOutputStream:77 - [STDOUT_REDIRECT] 1 : Invalid condition id : UX_CORESTACK_Condition cause : null
2024-02-22 22:00:48,366 [INFO] LogOutputStream:77 - [STDOUT_REDIRECT] 1 : Invalid condition id : UX_CORESTACK_Condition cause : null
2024-02-22 22:00:48,370 [INFO] LogOutputStream:77 - [STDOUT_REDIRECT] 1 : Invalid condition id : UX_CORESTACK_Condition cause : null
2024-02-22 22:00:48,373 [INFO] LogOutputStream:77 - [STDOUT_REDIRECT] 1 : Invalid condition id : UX_CORESTACK_Condition cause : null
2024-02-22 22:00:48,376 [INFO] LogOutputStream:77 - [STDOUT_REDIRECT] 1 : Invalid condition id : UX_CORESTACK_Condition cause : null
2024-02-22 22:00:48,380 [WARN] PackLoader:240 - Cannot read IP mode file for STMicroelectronics.X-CUBE-AZRTOS-WL.2.0.0
2024-02-22 22:00:48,412 [WARN] PackLoader:240 - Cannot read IP mode file for WES.I-CUBE-Cesium.1.3.0
2024-02-22 22:00:48,417 [WARN] PackLoader:240 - Cannot read IP mode file for STMicroelectronics.X-CUBE-BLE2.3.3.0
2024-02-22 22:00:48,423 [WARN] PackLoader:240 - Cannot read IP mode file for STMicroelectronics.X-CUBE-ALGOBUILD.1.3.0
2024-02-22 22:00:48,439 [WARN] PackLoader:240 - Cannot read IP mode file for STMicroelectronics.X-CUBE-AZRTOS-G0.1.1.0
2024-02-22 22:00:48,446 [WARN] PackLoader:240 - Cannot read IP mode file for STMicroelectronics.X-CUBE-NFC4.3.0.0
2024-02-22 22:00:48,455 [WARN] PackLoader:240 - Cannot read IP mode file for STMicroelectronics.X-CUBE-BLEMGR.3.0.0
2024-02-22 22:00:48,462 [WARN] PackLoader:240 - Cannot read IP mode file for STMicroelectronics.FP-ATR-SIGFOX1.3.2.0
2024-02-22 22:00:48,468 [WARN] PackLoader:240 - Cannot read IP mode file for STMicroelectronics.X-CUBE-EEPRMA1.5.1.0
2024-02-22 22:00:48,520 [WARN] PackLoader:240 - Cannot read IP mode file for SEGGER.I-CUBE-embOS.1.3.1
2024-02-22 22:00:48,567 [WARN] PackLoader:240 - Cannot read IP mode file for STMicroelectronics.X-CUBE-GNSS1.6.0.0
2024-02-22 22:00:48,586 [WARN] PackLoader:240 - Cannot read IP mode file for STMicroelectronics.X-CUBE-AZRTOS-F4.1.1.0
2024-02-22 22:00:48,599 [WARN] PackLoader:240 - Cannot read IP mode file for wolfSSL.I-CUBE-wolfSSL.5.6.3
2024-02-22 22:00:48,617 [WARN] PackLoader:240 - Cannot read IP mode file for STMicroelectronics.X-CUBE-AZRTOS-L5.2.0.0
2024-02-22 22:00:48,665 [WARN] PackLoader:240 - Cannot read IP mode file for STMicroelectronics.X-CUBE-MEMS1.9.6.0
2024-02-22 22:00:48,801 [WARN] PackLoader:240 - Cannot read IP mode file for STMicroelectronics.X-CUBE-EEPRMA1.4.2.0
2024-02-22 22:00:48,810 [WARN] PackLoader:240 - Cannot read IP mode file for ITTIA_DB.I-CUBE-ITTIADB.8.8.0
2024-02-22 22:00:48,821 [WARN] PackLoader:240 - Cannot read IP mode file for STMicroelectronics.X-CUBE-BLEMGR.2.0.0
2024-02-22 22:00:48,861 [WARN] ConditionMgr:438 - getConditionDescription Invalid condition id : UX DEVICE CLASS RTOS Condition cause : null
2024-02-22 22:00:48,861 [WARN] ConditionMgr:438 - getConditionDescription Invalid condition id : UX DEVICE CLASS RTOS Condition cause : null
2024-02-22 22:00:48,865 [WARN] PackLoader:240 - Cannot read IP mode file for STMicroelectronics.X-CUBE-AZRTOS-H7.3.1.0
2024-02-22 22:00:48,866 [WARN] ConditionMgr:1039 - genDependencies : Invalid condition id : UX DEVICE CLASS RTOS Condition cause : null
2024-02-22 22:00:48,866 [WARN] ConditionMgr:1039 - genDependencies : Invalid condition id : UX DEVICE CLASS RTOS Condition cause : null
2024-02-22 22:00:48,867 [WARN] ConditionMgr:1039 - genDependencies : Invalid condition id : UX DEVICE CLASS RTOS Condition cause : null
2024-02-22 22:00:48,868 [WARN] ConditionMgr:1039 - genDependencies : Invalid condition id : UX DEVICE CLASS RTOS Condition cause : null
2024-02-22 22:00:48,868 [WARN] ConditionMgr:1039 - genDependencies : Invalid condition id : UX DEVICE CLASS RTOS Condition cause : null
2024-02-22 22:00:48,877 [WARN] PackLoader:240 - Cannot read IP mode file for STMicroelectronics.X-CUBE-NFC7.1.0.1
2024-02-22 22:00:48,888 [WARN] PackLoader:240 - Cannot read IP mode file for STMicroelectronics.X-CUBE-NFC6.3.0.0
2024-02-22 22:00:48,906 [WARN] PackLoader:240 - Cannot read IP mode file for STMicroelectronics.X-CUBE-EEPRMA1.4.1.0
2024-02-22 22:00:48,912 [WARN] PackLoader:240 - Cannot read IP mode file for STMicroelectronics.X-CUBE-AI.8.1.0
2024-02-22 22:00:48,955 [WARN] ConditionMgr:438 - getConditionDescription Invalid condition id : LAN8742 Phy interface Condition cause : null
2024-02-22 22:00:48,955 [WARN] PackLoader:240 - Cannot read IP mode file for STMicroelectronics.X-CUBE-AZRTOS-L4.2.0.0
2024-02-22 22:00:48,957 [WARN] ConditionMgr:1039 - genDependencies : Invalid condition id : LAN8742 Phy interface Condition cause : null
2024-02-22 22:00:48,957 [WARN] ConditionMgr:1039 - genDependencies : Invalid condition id : LAN8742 Phy interface Condition cause : null
2024-02-22 22:00:48,957 [WARN] ConditionMgr:1039 - genDependencies : Invalid condition id : LAN8742 Phy interface Condition cause : null
2024-02-22 22:00:48,966 [WARN] PackLoader:240 - Cannot read IP mode file for STMicroelectronics.X-CUBE-SFXS2LP1.4.0.0
2024-02-22 22:00:48,971 [WARN] PackLoader:240 - Cannot read IP mode file for STMicroelectronics.X-CUBE-ISPU.1.1.0
2024-02-22 22:00:48,992 [WARN] ConditionMgr:438 - getConditionDescription Invalid condition id : UX DEVICE CLASS RTOS Condition cause : null
2024-02-22 22:00:48,992 [WARN] ConditionMgr:438 - getConditionDescription Invalid condition id : UX DEVICE CLASS RTOS Condition cause : null
2024-02-22 22:00:48,994 [WARN] PackLoader:240 - Cannot read IP mode file for STMicroelectronics.X-CUBE-AZRTOS-WB.2.0.0
2024-02-22 22:00:48,995 [WARN] ConditionMgr:1039 - genDependencies : Invalid condition id : UX DEVICE CLASS RTOS Condition cause : null
2024-02-22 22:00:48,995 [WARN] ConditionMgr:1039 - genDependencies : Invalid condition id : UX DEVICE CLASS RTOS Condition cause : null
2024-02-22 22:00:48,995 [WARN] ConditionMgr:1039 - genDependencies : Invalid condition id : UX DEVICE CLASS RTOS Condition cause : null
2024-02-22 22:00:48,995 [WARN] ConditionMgr:1039 - genDependencies : Invalid condition id : UX DEVICE CLASS RTOS Condition cause : null
2024-02-22 22:00:48,995 [WARN] ConditionMgr:1039 - genDependencies : Invalid condition id : UX DEVICE CLASS RTOS Condition cause : null
2024-02-22 22:00:49,014 [WARN] PackLoader:240 - Cannot read IP mode file for STMicroelectronics.X-CUBE-SUBG2.5.0.0
2024-02-22 22:00:49,039 [WARN] PackLoader:240 - Cannot read IP mode file for STMicroelectronics.X-CUBE-TOF1.3.3.1
2024-02-22 22:00:49,076 [WARN] PackLoader:240 - Cannot read IP mode file for STMicroelectronics.X-CUBE-AZRTOS-G4.2.0.0
2024-02-22 22:00:49,102 [WARN] PackLoader:240 - Cannot read IP mode file for Infineon.AIROC-Wi-Fi-Bluetooth-STM32.1.5.1
2024-02-22 22:00:49,111 [WARN] PackLoader:240 - Cannot read IP mode file for STMicroelectronics.FP-SNS-MOTENVWB1.1.3.0
2024-02-22 22:00:49,114 [WARN] PackLoader:240 - Cannot read IP mode file for STMicroelectronics.FP-SNS-MOTENVWB1.1.3.1
2024-02-22 22:00:49,120 [WARN] PackLoader:240 - Cannot read IP mode file for STMicroelectronics.X-CUBE-ISPU.2.0.0
2024-02-22 22:00:49,189 [WARN] PackLoader:240 - Cannot read IP mode file for STMicroelectronics.X-CUBE-MEMS1.10.0.0
2024-02-22 22:00:49,279 [WARN] PackLoader:240 - Cannot read IP mode file for STMicroelectronics.X-CUBE-FREERTOS.1.1.0
2024-02-22 22:00:49,289 [WARN] PackLoader:240 - Cannot read IP mode file for portGmbH.I-Cube-SoM-uGOAL.1.1.0
2024-02-22 22:00:49,294 [WARN] PackLoader:240 - Cannot read IP mode file for STMicroelectronics.X-CUBE-ALS.1.0.1
2024-02-22 22:00:49,301 [WARN] PackLoader:240 - Cannot read IP mode file for STMicroelectronics.FP-ATR-ASTRA1.2.0.0
2024-02-22 22:00:49,321 [WARN] PackLoader:240 - Cannot read IP mode file for STMicroelectronics.X-CUBE-TOF1.3.4.0
2024-02-22 22:00:49,344 [WARN] PackLoader:240 - Cannot read IP mode file for STMicroelectronics.X-CUBE-AZRTOS-H7.3.2.0
2024-02-22 22:00:49,349 [INFO] ThirdParty:978 - Integrity check success = true
2024-02-22 22:00:49,349 [INFO] IntegrityCheckThread:100 - exiting critical section [integrity check]
2024-02-22 22:00:49,349 [INFO] IntegrityCheckThread:103 - End integrity checks thread
2024-02-22 22:01:08,055 [ERROR] LogOutputStream:75 - [STDERR_REDIRECT] SLF4J: Failed to load class "org.slf4j.impl.StaticLoggerBinder".
2024-02-22 22:01:08,055 [ERROR] LogOutputStream:75 - [STDERR_REDIRECT] SLF4J: Defaulting to no-operation (NOP) logger implementation
2024-02-22 22:01:08,056 [ERROR] LogOutputStream:75 - [STDERR_REDIRECT] SLF4J: See http://www.slf4j.org/codes.html#StaticLoggerBinder for further details.
2024-02-22 22:47:48,767 [INFO] Activator:176 - 


2024-02-22 22:47:48,768 [INFO] Activator:177 - !SESSION log4j initialized
2024-02-22 22:47:50,714 [INFO] LogOutputStream:77 - [STDOUT_REDIRECT] 
2024-02-22 22:47:51,662 [INFO] ApplicationProperties:184 - Using Application install path: C:\ST\STM32CubeIDE_1.13.2\STM32CubeIDE\plugins\com.st.stm32cube.common.mx_6.9.2.202309101412
2024-02-22 22:47:51,682 [INFO] DbMcusXml:78 - Set database path to: C:\ST\STM32CubeIDE_1.13.2\STM32CubeIDE\plugins\com.st.stm32cube.common.mx_6.9.2.202309101412\\db\/mcu/
2024-02-22 22:47:51,682 [INFO] ApiDb:274 - Set plugin database path to: C:\ST\STM32CubeIDE_1.13.2\STM32CubeIDE\plugins\com.st.stm32cube.common.mx_6.9.2.202309101412\\db\/plugins/boardmanager/
2024-02-22 22:47:51,682 [WARN] ApiDb:259 - Overriding images path with different value:  => C:\ST\STM32CubeIDE_1.13.2\STM32CubeIDE\plugins\com.st.stm32cube.common.mx_6.9.2.202309101412\\db\/plugins/mcufinder/images/
2024-02-22 22:47:51,687 [INFO] ApiDb:250 - Set database path to: C:\Users\gavin\.stmcufinder\plugins\mcufinder//mcu/
2024-02-22 22:47:51,688 [INFO] DbMcusAds:125 - Set database path to: C:\Users\gavin\.stmcufinder\plugins\mcufinder//mcu/
2024-02-22 22:47:51,690 [INFO] CrossReferenceDbSqlite:203 - Set database path to: C:\Users\gavin\.stmcufinder\plugins\mcufinder//mcu/cs/
2024-02-22 22:47:51,778 [INFO] RulesReader:64 - Compatibility file has been processed (293 Rules)
2024-02-22 22:47:51,833 [INFO] DbMcusXml:78 - Set database path to: C:\ST\STM32CubeIDE_1.13.2\STM32CubeIDE\plugins\com.st.stm32cube.common.mx_6.9.2.202309101412\\db\/mcu/
2024-02-22 22:47:51,833 [INFO] ApiDb:274 - Set plugin database path to: C:\ST\STM32CubeIDE_1.13.2\STM32CubeIDE\plugins\com.st.stm32cube.common.mx_6.9.2.202309101412\\db\/plugins/boardmanager/
2024-02-22 22:47:51,833 [INFO] ApiDb:261 - Set plugin images path to: C:\ST\STM32CubeIDE_1.13.2\STM32CubeIDE\plugins\com.st.stm32cube.common.mx_6.9.2.202309101412\\db\/plugins/mcufinder/images/
2024-02-22 22:47:51,833 [WARN] DbFile:41 - Overriding database path with different value: C:\Users\gavin\.stmcufinder\plugins\mcufinder/ => C:\Users\gavin\.stmcufinder\plugins\mcufinder
2024-02-22 22:47:51,834 [INFO] ApiDb:250 - Set database path to: C:\Users\gavin\.stmcufinder\plugins\mcufinder//mcu/
2024-02-22 22:47:51,834 [WARN] DbFile:41 - Overriding database path with different value: C:\Users\gavin\.stmcufinder\plugins\mcufinder/ => C:\Users\gavin\.stmcufinder\plugins\mcufinder
2024-02-22 22:47:51,834 [INFO] DbMcusAds:125 - Set database path to: C:\Users\gavin\.stmcufinder\plugins\mcufinder//mcu/
2024-02-22 22:47:51,834 [WARN] DbFile:41 - Overriding database path with different value: C:\Users\gavin\.stmcufinder\plugins\mcufinder/ => C:\Users\gavin\.stmcufinder\plugins\mcufinder
2024-02-22 22:47:51,834 [WARN] DbFile:41 - Overriding database path with different value: C:\Users\gavin\.stmcufinder\plugins\mcufinder/ => C:\Users\gavin\.stmcufinder\plugins\mcufinder
2024-02-22 22:47:51,834 [INFO] CrossReferenceDbSqlite:203 - Set database path to: C:\Users\gavin\.stmcufinder\plugins\mcufinder//mcu/cs/
2024-02-22 22:47:51,868 [INFO] MainPanel:262 - HeapMemory: 268435456
2024-02-22 22:47:51,899 [INFO] DbMcusXml:78 - Set database path to: C:\ST\STM32CubeIDE_1.13.2\STM32CubeIDE\plugins\com.st.stm32cube.common.mx_6.9.2.202309101412\\db\/mcu/
2024-02-22 22:47:51,899 [INFO] ApiDb:274 - Set plugin database path to: C:\ST\STM32CubeIDE_1.13.2\STM32CubeIDE\plugins\com.st.stm32cube.common.mx_6.9.2.202309101412\\db\/plugins/boardmanager/
2024-02-22 22:47:51,899 [INFO] ApiDb:261 - Set plugin images path to: C:\ST\STM32CubeIDE_1.13.2\STM32CubeIDE\plugins\com.st.stm32cube.common.mx_6.9.2.202309101412\\db\/plugins/mcufinder/images/
2024-02-22 22:47:51,900 [WARN] DbFile:41 - Overriding database path with different value: C:\Users\gavin\.stmcufinder\plugins\mcufinder/ => C:\Users\gavin\.stmcufinder\plugins\mcufinder
2024-02-22 22:47:51,900 [INFO] ApiDb:250 - Set database path to: C:\Users\gavin\.stmcufinder\plugins\mcufinder//mcu/
2024-02-22 22:47:51,900 [WARN] DbFile:41 - Overriding database path with different value: C:\Users\gavin\.stmcufinder\plugins\mcufinder/ => C:\Users\gavin\.stmcufinder\plugins\mcufinder
2024-02-22 22:47:51,900 [INFO] DbMcusAds:125 - Set database path to: C:\Users\gavin\.stmcufinder\plugins\mcufinder//mcu/
2024-02-22 22:47:51,900 [WARN] DbFile:41 - Overriding database path with different value: C:\Users\gavin\.stmcufinder\plugins\mcufinder/ => C:\Users\gavin\.stmcufinder\plugins\mcufinder
2024-02-22 22:47:51,900 [WARN] DbFile:41 - Overriding database path with different value: C:\Users\gavin\.stmcufinder\plugins\mcufinder/ => C:\Users\gavin\.stmcufinder\plugins\mcufinder
2024-02-22 22:47:51,900 [INFO] CrossReferenceDbSqlite:203 - Set database path to: C:\Users\gavin\.stmcufinder\plugins\mcufinder//mcu/cs/
2024-02-22 22:47:51,908 [INFO] ApplicationProperties:184 - Using Application install path: C:\ST\STM32CubeIDE_1.13.2\STM32CubeIDE\plugins\com.st.stm32cube.common.mx_6.9.2.202309101412
2024-02-22 22:47:51,909 [INFO] PluginManage:196 - Search for loadable plugins [exclusion list=, ]
2024-02-22 22:47:51,910 [INFO] PluginManage:310 - Check plugin analytics
2024-02-22 22:47:52,004 [INFO] AnalyticsPlugin:253 - Accepted Software Licenses: 
2024-02-22 22:47:52,004 [INFO] AnalyticsPlugin:255 - Accepted CMSIS Pack Licenses: 
2024-02-22 22:47:52,004 [INFO] AnalyticsPlugin:257 - Accepted Firmware Licenses: FW.F4.1.27.0
2024-02-22 22:47:52,006 [INFO] PluginManage:359 - Loaded plugin analytics (category:tool,tabindex:-1)
2024-02-22 22:47:52,006 [INFO] PluginManage:310 - Check plugin cadmodel
2024-02-22 22:47:52,008 [INFO] CADModel:105 - Init CAD model plugin
2024-02-22 22:47:52,008 [INFO] PluginManage:359 - Loaded plugin cadmodel (category:power,tabindex:5)
2024-02-22 22:47:52,009 [INFO] PluginManage:310 - Check plugin clock
2024-02-22 22:47:52,013 [INFO] PluginManage:359 - Loaded plugin clock (category:base,tabindex:2)
2024-02-22 22:47:52,013 [INFO] PluginManage:310 - Check plugin ddr
2024-02-22 22:47:52,015 [INFO] PluginManage:359 - Loaded plugin ddr (category:tool,tabindex:6)
2024-02-22 22:47:52,015 [INFO] PluginManage:310 - Check plugin filemanager
2024-02-22 22:47:52,092 [INFO] PluginManage:359 - Loaded plugin filemanager (category:base,tabindex:10)
2024-02-22 22:47:52,093 [INFO] PluginManage:310 - Check plugin ipmanager
2024-02-22 22:47:52,097 [INFO] PluginManage:359 - Loaded plugin ipmanager (category:base,tabindex:5)
2024-02-22 22:47:52,097 [INFO] PluginManage:310 - Check plugin lpbam
2024-02-22 22:47:52,101 [INFO] PluginManage:359 - Loaded plugin lpbam (category:base,tabindex:0)
2024-02-22 22:47:52,101 [INFO] PluginManage:310 - Check plugin memorymap
2024-02-22 22:47:52,107 [INFO] PluginManage:359 - Loaded plugin memorymap (category:base,tabindex:4)
2024-02-22 22:47:52,107 [INFO] PluginManage:310 - Check plugin pinoutandconfiguration
2024-02-22 22:47:52,112 [INFO] PluginManage:359 - Loaded plugin pinoutandconfiguration (category:base,tabindex:1)
2024-02-22 22:47:52,112 [INFO] PluginManage:310 - Check plugin pinoutconfig
2024-02-22 22:47:52,156 [WARN] SupportedApi:132 - Cannot load RTOS API schema: s4s-elt-must-match.1: The content of 'definitions' must match (annotation?, (simpleType | complexType)?, (unique | key | keyref)*)). A problem was found starting at: attribute.
2024-02-22 22:47:52,241 [INFO] PluginManage:359 - Loaded plugin pinoutconfig (category:base,tabindex:0)
2024-02-22 22:47:52,242 [INFO] PluginManage:310 - Check plugin power
2024-02-22 22:47:52,246 [INFO] PluginManage:359 - Loaded plugin power (category:power,tabindex:4)
2024-02-22 22:47:52,246 [INFO] PluginManage:310 - Check plugin projectmanager
2024-02-22 22:47:52,253 [INFO] PluginManage:359 - Loaded plugin projectmanager (category:projectmanager,tabindex:3)
2024-02-22 22:47:52,253 [INFO] PluginManage:310 - Check plugin thirdparty
2024-02-22 22:47:52,320 [INFO] PluginManage:359 - Loaded plugin thirdparty (category:base,tabindex:-1)
2024-02-22 22:47:52,320 [INFO] PluginManage:310 - Check plugin tools
2024-02-22 22:47:52,320 [WARN] IntegrityCheckThread:84 - waiting for thirdparty lock release [integrity check]
2024-02-22 22:47:52,320 [INFO] IntegrityCheckThread:86 - entering critical section [integrity check]
2024-02-22 22:47:52,321 [INFO] ThirdPartyUpdaterWithRetryManager:70 - Updater plugin not ready yet. [1/15]
2024-02-22 22:47:52,323 [INFO] PluginManage:359 - Loaded plugin tools (category:base,tabindex:7)
2024-02-22 22:47:52,323 [INFO] PluginManage:310 - Check plugin tutovideos
2024-02-22 22:47:52,411 [INFO] PluginManage:359 - Loaded plugin tutovideos (category:base,tabindex:-1)
2024-02-22 22:47:52,411 [INFO] PluginManage:310 - Check plugin updater
2024-02-22 22:47:52,418 [INFO] PluginManage:359 - Loaded plugin updater (category:base,tabindex:12)
2024-02-22 22:47:52,418 [INFO] PluginManage:310 - Check plugin userauth
2024-02-22 22:47:52,420 [INFO] UserAuth:113 - Init User Auth plugin
2024-02-22 22:47:52,420 [INFO] PluginManage:359 - Loaded plugin userauth (category:base,tabindex:14)
2024-02-22 22:47:52,421 [INFO] PluginManage:283 - PluginManage : Loaded plugins [17]
2024-02-22 22:47:52,535 [INFO] PinOutPanel:1499 - setPackage(No Configuration,No Configuration)
2024-02-22 22:47:52,586 [INFO] CADModel:165 - CPN selected for project level
2024-02-22 22:47:52,586 [INFO] CADModel:114 - Register for checkConnection events
2024-02-22 22:47:52,593 [INFO] IPUIPlugin:80 - create IPUIPlugin
2024-02-22 22:47:52,594 [INFO] PluginManager:220 - loadIPPluginJar : add adc
2024-02-22 22:47:52,595 [INFO] IPUIPlugin:80 - create IPUIPlugin
2024-02-22 22:47:52,595 [INFO] PluginManager:220 - loadIPPluginJar : add aes
2024-02-22 22:47:52,596 [INFO] IPUIPlugin:80 - create IPUIPlugin
2024-02-22 22:47:52,596 [INFO] PluginManager:220 - loadIPPluginJar : add can
2024-02-22 22:47:52,597 [INFO] IPUIPlugin:80 - create IPUIPlugin
2024-02-22 22:47:52,597 [INFO] PluginManager:220 - loadIPPluginJar : add comp
2024-02-22 22:47:52,598 [INFO] IPUIPlugin:80 - create IPUIPlugin
2024-02-22 22:47:52,598 [INFO] PluginManager:220 - loadIPPluginJar : add cryp
2024-02-22 22:47:52,599 [INFO] IPUIPlugin:80 - create IPUIPlugin
2024-02-22 22:47:52,599 [INFO] PluginManager:220 - loadIPPluginJar : add dfsdm
2024-02-22 22:47:52,602 [INFO] IPUIPlugin:80 - create IPUIPlugin
2024-02-22 22:47:52,602 [INFO] PluginManager:220 - loadIPPluginJar : add dma
2024-02-22 22:47:52,603 [INFO] IPUIPlugin:80 - create IPUIPlugin
2024-02-22 22:47:52,603 [INFO] PluginManager:220 - loadIPPluginJar : add dma3
2024-02-22 22:47:52,603 [INFO] IPUIPlugin:80 - create IPUIPlugin
2024-02-22 22:47:52,604 [INFO] PluginManager:220 - loadIPPluginJar : add fatfs
2024-02-22 22:47:52,605 [INFO] IPUIPlugin:80 - create IPUIPlugin
2024-02-22 22:47:52,606 [INFO] PluginManager:220 - loadIPPluginJar : add fmc
2024-02-22 22:47:52,608 [INFO] IPUIPlugin:80 - create IPUIPlugin
2024-02-22 22:47:52,608 [INFO] PluginManager:220 - loadIPPluginJar : add freertos
2024-02-22 22:47:52,609 [INFO] IPUIPlugin:80 - create IPUIPlugin
2024-02-22 22:47:52,609 [INFO] PluginManager:220 - loadIPPluginJar : add genericplugin
2024-02-22 22:47:52,610 [INFO] IPUIPlugin:80 - create IPUIPlugin
2024-02-22 22:47:52,610 [INFO] PluginManager:220 - loadIPPluginJar : add gfxmmu
2024-02-22 22:47:52,612 [INFO] IPUIPlugin:80 - create IPUIPlugin
2024-02-22 22:47:52,612 [INFO] PluginManager:220 - loadIPPluginJar : add gic
2024-02-22 22:47:52,616 [INFO] IPUIPlugin:80 - create IPUIPlugin
2024-02-22 22:47:52,616 [INFO] PluginManager:220 - loadIPPluginJar : add gpio
2024-02-22 22:47:52,617 [INFO] IPUIPlugin:80 - create IPUIPlugin
2024-02-22 22:47:52,617 [INFO] PluginManager:220 - loadIPPluginJar : add gtzc
2024-02-22 22:47:52,618 [INFO] IPUIPlugin:80 - create IPUIPlugin
2024-02-22 22:47:52,618 [INFO] PluginManager:220 - loadIPPluginJar : add hash
2024-02-22 22:47:52,619 [INFO] IPUIPlugin:80 - create IPUIPlugin
2024-02-22 22:47:52,619 [INFO] PluginManager:220 - loadIPPluginJar : add i2c
2024-02-22 22:47:52,620 [INFO] IPUIPlugin:80 - create IPUIPlugin
2024-02-22 22:47:52,620 [INFO] PluginManager:220 - loadIPPluginJar : add i2s
2024-02-22 22:47:52,621 [INFO] IPUIPlugin:80 - create IPUIPlugin
2024-02-22 22:47:52,621 [INFO] PluginManager:220 - loadIPPluginJar : add i3c
2024-02-22 22:47:52,623 [INFO] IPUIPlugin:80 - create IPUIPlugin
2024-02-22 22:47:52,623 [INFO] PluginManager:220 - loadIPPluginJar : add ipddr
2024-02-22 22:47:52,626 [INFO] IPUIPlugin:80 - create IPUIPlugin
2024-02-22 22:47:52,626 [INFO] PluginManager:220 - loadIPPluginJar : add linkedlist
2024-02-22 22:47:52,628 [INFO] IPUIPlugin:80 - create IPUIPlugin
2024-02-22 22:47:52,628 [INFO] PluginManager:220 - loadIPPluginJar : add lorawan
2024-02-22 22:47:52,629 [INFO] IPUIPlugin:80 - create IPUIPlugin
2024-02-22 22:47:52,629 [INFO] PluginManager:220 - loadIPPluginJar : add ltdc
2024-02-22 22:47:52,632 [INFO] IPUIPlugin:80 - create IPUIPlugin
2024-02-22 22:47:52,632 [INFO] PluginManager:220 - loadIPPluginJar : add mdma
2024-02-22 22:47:52,636 [INFO] IPUIPlugin:80 - create IPUIPlugin
2024-02-22 22:47:52,636 [INFO] PluginManager:220 - loadIPPluginJar : add nvic
2024-02-22 22:47:52,637 [INFO] IPUIPlugin:80 - create IPUIPlugin
2024-02-22 22:47:52,637 [INFO] PluginManager:220 - loadIPPluginJar : add opamp
2024-02-22 22:47:52,638 [INFO] IPUIPlugin:80 - create IPUIPlugin
2024-02-22 22:47:52,638 [INFO] PluginManager:220 - loadIPPluginJar : add openamp
2024-02-22 22:47:52,640 [INFO] IPUIPlugin:80 - create IPUIPlugin
2024-02-22 22:47:52,640 [INFO] PluginManager:220 - loadIPPluginJar : add pdm2pcm
2024-02-22 22:47:52,643 [INFO] IPUIPlugin:80 - create IPUIPlugin
2024-02-22 22:47:52,645 [INFO] PluginManager:220 - loadIPPluginJar : add plateformsettings
2024-02-22 22:47:52,645 [INFO] IPUIPlugin:80 - create IPUIPlugin
2024-02-22 22:47:52,646 [INFO] PluginManager:220 - loadIPPluginJar : add quadspi
2024-02-22 22:47:52,647 [INFO] IPUIPlugin:80 - create IPUIPlugin
2024-02-22 22:47:52,647 [INFO] PluginManager:220 - loadIPPluginJar : add resmgrutility
2024-02-22 22:47:52,648 [INFO] IPUIPlugin:80 - create IPUIPlugin
2024-02-22 22:47:52,648 [INFO] PluginManager:220 - loadIPPluginJar : add sai
2024-02-22 22:47:52,649 [INFO] IPUIPlugin:80 - create IPUIPlugin
2024-02-22 22:47:52,649 [INFO] PluginManager:220 - loadIPPluginJar : add spi
2024-02-22 22:47:52,652 [INFO] IPUIPlugin:80 - create IPUIPlugin
2024-02-22 22:47:52,652 [INFO] PluginManager:220 - loadIPPluginJar : add stm32_wpan
2024-02-22 22:47:52,654 [INFO] IPUIPlugin:80 - create IPUIPlugin
2024-02-22 22:47:52,654 [INFO] PluginManager:220 - loadIPPluginJar : add tim
2024-02-22 22:47:52,656 [INFO] IPUIPlugin:80 - create IPUIPlugin
2024-02-22 22:47:52,656 [INFO] PluginManager:220 - loadIPPluginJar : add touchsensing
2024-02-22 22:47:52,657 [INFO] IPUIPlugin:80 - create IPUIPlugin
2024-02-22 22:47:52,657 [INFO] PluginManager:220 - loadIPPluginJar : add tracer_emb
2024-02-22 22:47:52,658 [INFO] IPUIPlugin:80 - create IPUIPlugin
2024-02-22 22:47:52,658 [INFO] PluginManager:220 - loadIPPluginJar : add ts
2024-02-22 22:47:52,659 [INFO] IPUIPlugin:80 - create IPUIPlugin
2024-02-22 22:47:52,659 [INFO] PluginManager:220 - loadIPPluginJar : add tsc
2024-02-22 22:47:52,660 [INFO] IPUIPlugin:80 - create IPUIPlugin
2024-02-22 22:47:52,660 [INFO] PluginManager:220 - loadIPPluginJar : add ucpd
2024-02-22 22:47:52,662 [INFO] IPUIPlugin:80 - create IPUIPlugin
2024-02-22 22:47:52,662 [INFO] PluginManager:220 - loadIPPluginJar : add usart
2024-02-22 22:47:52,664 [INFO] IPUIPlugin:80 - create IPUIPlugin
2024-02-22 22:47:52,664 [INFO] PluginManager:220 - loadIPPluginJar : add usbx
2024-02-22 22:47:52,768 [INFO] CADModel:165 - CPN selected for project level
2024-02-22 22:47:52,768 [INFO] CADModel:114 - Register for checkConnection events
2024-02-22 22:47:52,768 [FATAL] Updater:308 - Updater called before beeing initialized
2024-02-22 22:47:52,768 [ERROR] CADModel:125 - Updater not yet initialized, retry later 
2024-02-22 22:47:52,844 [INFO] CADModel:165 - CPN selected for project level
2024-02-22 22:47:52,844 [INFO] CADModel:114 - Register for checkConnection events
2024-02-22 22:47:52,844 [FATAL] Updater:308 - Updater called before beeing initialized
2024-02-22 22:47:52,844 [ERROR] CADModel:125 - Updater not yet initialized, retry later 
2024-02-22 22:47:52,846 [FATAL] Updater:308 - Updater called before beeing initialized
2024-02-22 22:47:52,914 [FATAL] Updater:308 - Updater called before beeing initialized
2024-02-22 22:47:52,918 [INFO] DbMcusAds:53 - JSON generation date=Wed Nov 29 02:52:27 PST 2023 (1701255147200)
2024-02-22 22:47:52,918 [FATAL] Updater:308 - Updater called before beeing initialized
2024-02-22 22:47:52,940 [WARN] DetailPanel:346 - Failed to get advertising image, set to default
2024-02-22 22:47:52,988 [FATAL] Updater:308 - Updater called before beeing initialized
2024-02-22 22:47:52,989 [FATAL] Updater:308 - Updater called before beeing initialized
2024-02-22 22:47:52,989 [FATAL] Updater:308 - Updater called before beeing initialized
2024-02-22 22:47:52,990 [WARN] DetailPanel:346 - Failed to get advertising image, set to default
2024-02-22 22:47:52,990 [FATAL] Updater:308 - Updater called before beeing initialized
2024-02-22 22:47:53,020 [ERROR] Updater:1120 - MainUpdater not yet initialized. External WinMGr cannot be set.
2024-02-22 22:47:53,021 [INFO] Updater:1056 - Updater Version found : 6.9.2
2024-02-22 22:47:53,032 [INFO] ApplicationProperties:184 - Using Application install path: C:\ST\STM32CubeIDE_1.13.2\STM32CubeIDE\plugins\com.st.stm32cube.common.mx_6.9.2.202309101412
2024-02-22 22:47:53,202 [INFO] MainUpdater:2868 - connection check result : 10
2024-02-22 22:47:53,203 [INFO] MainUpdater:285 - Updater Check For Update Now.
2024-02-22 22:47:53,203 [INFO] MicroXplorer:498 - Change Database Version : DB.6.0.92
2024-02-22 22:47:53,214 [INFO] McuFinderGlobals:63 - Set McuFinder mode to 2 (CubeIDE integrated)
2024-02-22 22:47:53,357 [INFO] CheckServerUpdateThread:120 - End of CheckServer Thread
2024-02-22 22:47:55,393 [WARN] PackLoader:240 - Cannot read IP mode file for STMicroelectronics.X-CUBE-SMBUS.2.1.0
2024-02-22 22:47:55,397 [WARN] PackLoader:240 - Cannot read IP mode file for STMicroelectronics.X-CUBE-TOUCHGFX.4.23.0
2024-02-22 22:47:55,412 [WARN] PackLoader:240 - Cannot read IP mode file for STMicroelectronics.X-CUBE-AZRTOS-F7.1.1.0
2024-02-22 22:47:55,420 [WARN] PackLoader:240 - Cannot read IP mode file for STMicroelectronics.FP-SNS-MOTENV1.4.3.2
2024-02-22 22:47:55,424 [WARN] PackLoader:240 - Cannot read IP mode file for STMicroelectronics.FP-SNS-FLIGHT1.5.0.2
2024-02-22 22:47:55,431 [WARN] PackLoader:240 - Cannot read IP mode file for STMicroelectronics.X-CUBE-DISPLAY.3.0.0
2024-02-22 22:47:55,443 [WARN] PackLoader:240 - Cannot read IP mode file for STMicroelectronics.X-CUBE-BLE1.7.0.0
2024-02-22 22:47:55,447 [WARN] PackLoader:240 - Cannot read IP mode file for emotas.I-CUBE-CANOPEN.1.3.0
2024-02-22 22:47:55,448 [WARN] PackLoader:240 - Cannot read IP mode file for STMicroelectronics.X-CUBE-TOUCHGFX.4.22.0
2024-02-22 22:47:55,450 [WARN] PackLoader:240 - Cannot read IP mode file for STMicroelectronics.X-CUBE-TOUCHGFX.4.22.1
2024-02-22 22:47:55,452 [WARN] PackLoader:240 - Cannot read IP mode file for STMicroelectronics.FP-SNS-SMARTAG2.1.2.0
2024-02-22 22:47:55,460 [INFO] LogOutputStream:77 - [STDOUT_REDIRECT] 1 : Invalid condition id : UX_CORESTACK_Condition cause : null
2024-02-22 22:47:55,461 [INFO] LogOutputStream:77 - [STDOUT_REDIRECT] 1 : Invalid condition id : UX_CORESTACK_Condition cause : null
2024-02-22 22:47:55,462 [INFO] LogOutputStream:77 - [STDOUT_REDIRECT] 1 : Invalid condition id : UX_CORESTACK_Condition cause : null
2024-02-22 22:47:55,463 [INFO] LogOutputStream:77 - [STDOUT_REDIRECT] 1 : Invalid condition id : UX_CORESTACK_Condition cause : null
2024-02-22 22:47:55,464 [INFO] LogOutputStream:77 - [STDOUT_REDIRECT] 1 : Invalid condition id : UX_CORESTACK_Condition cause : null
2024-02-22 22:47:55,466 [WARN] PackLoader:240 - Cannot read IP mode file for STMicroelectronics.X-CUBE-AZRTOS-WL.2.0.0
2024-02-22 22:47:55,475 [WARN] PackLoader:240 - Cannot read IP mode file for WES.I-CUBE-Cesium.1.3.0
2024-02-22 22:47:55,479 [WARN] PackLoader:240 - Cannot read IP mode file for STMicroelectronics.X-CUBE-BLE2.3.3.0
2024-02-22 22:47:55,483 [WARN] PackLoader:240 - Cannot read IP mode file for STMicroelectronics.X-CUBE-ALGOBUILD.1.3.0
2024-02-22 22:47:55,496 [WARN] PackLoader:240 - Cannot read IP mode file for STMicroelectronics.X-CUBE-AZRTOS-G0.1.1.0
2024-02-22 22:47:55,501 [WARN] PackLoader:240 - Cannot read IP mode file for STMicroelectronics.X-CUBE-NFC4.3.0.0
2024-02-22 22:47:55,507 [WARN] PackLoader:240 - Cannot read IP mode file for STMicroelectronics.X-CUBE-BLEMGR.3.0.0
2024-02-22 22:47:55,510 [WARN] PackLoader:240 - Cannot read IP mode file for STMicroelectronics.FP-ATR-SIGFOX1.3.2.0
2024-02-22 22:47:55,514 [WARN] PackLoader:240 - Cannot read IP mode file for STMicroelectronics.X-CUBE-EEPRMA1.5.1.0
2024-02-22 22:47:55,536 [WARN] PackLoader:240 - Cannot read IP mode file for SEGGER.I-CUBE-embOS.1.3.1
2024-02-22 22:47:55,581 [WARN] PackLoader:240 - Cannot read IP mode file for STMicroelectronics.X-CUBE-GNSS1.6.0.0
2024-02-22 22:47:55,589 [WARN] PackLoader:240 - Cannot read IP mode file for STMicroelectronics.X-CUBE-AZRTOS-F4.1.1.0
2024-02-22 22:47:55,593 [WARN] PackLoader:240 - Cannot read IP mode file for wolfSSL.I-CUBE-wolfSSL.5.6.3
2024-02-22 22:47:55,600 [WARN] PackLoader:240 - Cannot read IP mode file for STMicroelectronics.X-CUBE-AZRTOS-L5.2.0.0
2024-02-22 22:47:55,619 [WARN] PackLoader:240 - Cannot read IP mode file for STMicroelectronics.X-CUBE-MEMS1.9.6.0
2024-02-22 22:47:55,691 [WARN] PackLoader:240 - Cannot read IP mode file for STMicroelectronics.X-CUBE-EEPRMA1.4.2.0
2024-02-22 22:47:55,694 [WARN] PackLoader:240 - Cannot read IP mode file for ITTIA_DB.I-CUBE-ITTIADB.8.8.0
2024-02-22 22:47:55,697 [WARN] PackLoader:240 - Cannot read IP mode file for STMicroelectronics.X-CUBE-BLEMGR.2.0.0
2024-02-22 22:47:55,704 [WARN] ConditionMgr:438 - getConditionDescription Invalid condition id : UX DEVICE CLASS RTOS Condition cause : null
2024-02-22 22:47:55,704 [WARN] ConditionMgr:438 - getConditionDescription Invalid condition id : UX DEVICE CLASS RTOS Condition cause : null
2024-02-22 22:47:55,705 [WARN] PackLoader:240 - Cannot read IP mode file for STMicroelectronics.X-CUBE-AZRTOS-H7.3.1.0
2024-02-22 22:47:55,706 [WARN] ConditionMgr:1039 - genDependencies : Invalid condition id : UX DEVICE CLASS RTOS Condition cause : null
2024-02-22 22:47:55,706 [WARN] ConditionMgr:1039 - genDependencies : Invalid condition id : UX DEVICE CLASS RTOS Condition cause : null
2024-02-22 22:47:55,706 [WARN] ConditionMgr:1039 - genDependencies : Invalid condition id : UX DEVICE CLASS RTOS Condition cause : null
2024-02-22 22:47:55,706 [WARN] ConditionMgr:1039 - genDependencies : Invalid condition id : UX DEVICE CLASS RTOS Condition cause : null
2024-02-22 22:47:55,706 [WARN] ConditionMgr:1039 - genDependencies : Invalid condition id : UX DEVICE CLASS RTOS Condition cause : null
2024-02-22 22:47:55,709 [WARN] PackLoader:240 - Cannot read IP mode file for STMicroelectronics.X-CUBE-NFC7.1.0.1
2024-02-22 22:47:55,712 [WARN] PackLoader:240 - Cannot read IP mode file for STMicroelectronics.X-CUBE-NFC6.3.0.0
2024-02-22 22:47:55,716 [WARN] PackLoader:240 - Cannot read IP mode file for STMicroelectronics.X-CUBE-EEPRMA1.4.1.0
2024-02-22 22:47:55,718 [WARN] PackLoader:240 - Cannot read IP mode file for STMicroelectronics.X-CUBE-AI.8.1.0
2024-02-22 22:47:55,725 [WARN] ConditionMgr:438 - getConditionDescription Invalid condition id : LAN8742 Phy interface Condition cause : null
2024-02-22 22:47:55,725 [WARN] PackLoader:240 - Cannot read IP mode file for STMicroelectronics.X-CUBE-AZRTOS-L4.2.0.0
2024-02-22 22:47:55,726 [WARN] ConditionMgr:1039 - genDependencies : Invalid condition id : LAN8742 Phy interface Condition cause : null
2024-02-22 22:47:55,726 [WARN] ConditionMgr:1039 - genDependencies : Invalid condition id : LAN8742 Phy interface Condition cause : null
2024-02-22 22:47:55,726 [WARN] ConditionMgr:1039 - genDependencies : Invalid condition id : LAN8742 Phy interface Condition cause : null
2024-02-22 22:47:55,730 [WARN] PackLoader:240 - Cannot read IP mode file for STMicroelectronics.X-CUBE-SFXS2LP1.4.0.0
2024-02-22 22:47:55,733 [WARN] PackLoader:240 - Cannot read IP mode file for STMicroelectronics.X-CUBE-ISPU.1.1.0
2024-02-22 22:47:55,739 [WARN] ConditionMgr:438 - getConditionDescription Invalid condition id : UX DEVICE CLASS RTOS Condition cause : null
2024-02-22 22:47:55,739 [WARN] ConditionMgr:438 - getConditionDescription Invalid condition id : UX DEVICE CLASS RTOS Condition cause : null
2024-02-22 22:47:55,740 [WARN] PackLoader:240 - Cannot read IP mode file for STMicroelectronics.X-CUBE-AZRTOS-WB.2.0.0
2024-02-22 22:47:55,740 [WARN] ConditionMgr:1039 - genDependencies : Invalid condition id : UX DEVICE CLASS RTOS Condition cause : null
2024-02-22 22:47:55,740 [WARN] ConditionMgr:1039 - genDependencies : Invalid condition id : UX DEVICE CLASS RTOS Condition cause : null
2024-02-22 22:47:55,741 [WARN] ConditionMgr:1039 - genDependencies : Invalid condition id : UX DEVICE CLASS RTOS Condition cause : null
2024-02-22 22:47:55,741 [WARN] ConditionMgr:1039 - genDependencies : Invalid condition id : UX DEVICE CLASS RTOS Condition cause : null
2024-02-22 22:47:55,741 [WARN] ConditionMgr:1039 - genDependencies : Invalid condition id : UX DEVICE CLASS RTOS Condition cause : null
2024-02-22 22:47:55,749 [WARN] PackLoader:240 - Cannot read IP mode file for STMicroelectronics.X-CUBE-SUBG2.5.0.0
2024-02-22 22:47:55,758 [WARN] PackLoader:240 - Cannot read IP mode file for STMicroelectronics.X-CUBE-TOF1.3.3.1
2024-02-22 22:47:55,771 [WARN] PackLoader:240 - Cannot read IP mode file for STMicroelectronics.X-CUBE-AZRTOS-G4.2.0.0
2024-02-22 22:47:55,780 [WARN] PackLoader:240 - Cannot read IP mode file for Infineon.AIROC-Wi-Fi-Bluetooth-STM32.1.5.1
2024-02-22 22:47:55,785 [WARN] PackLoader:240 - Cannot read IP mode file for STMicroelectronics.FP-SNS-MOTENVWB1.1.3.0
2024-02-22 22:47:55,787 [WARN] PackLoader:240 - Cannot read IP mode file for STMicroelectronics.FP-SNS-MOTENVWB1.1.3.1
2024-02-22 22:47:55,789 [WARN] PackLoader:240 - Cannot read IP mode file for STMicroelectronics.X-CUBE-ISPU.2.0.0
2024-02-22 22:47:55,815 [WARN] PackLoader:240 - Cannot read IP mode file for STMicroelectronics.X-CUBE-MEMS1.10.0.0
2024-02-22 22:47:55,882 [WARN] PackLoader:240 - Cannot read IP mode file for STMicroelectronics.X-CUBE-FREERTOS.1.1.0
2024-02-22 22:47:55,885 [WARN] PackLoader:240 - Cannot read IP mode file for portGmbH.I-Cube-SoM-uGOAL.1.1.0
2024-02-22 22:47:55,887 [WARN] PackLoader:240 - Cannot read IP mode file for STMicroelectronics.X-CUBE-ALS.1.0.1
2024-02-22 22:47:55,890 [WARN] PackLoader:240 - Cannot read IP mode file for STMicroelectronics.FP-ATR-ASTRA1.2.0.0
2024-02-22 22:47:55,895 [WARN] PackLoader:240 - Cannot read IP mode file for STMicroelectronics.X-CUBE-TOF1.3.4.0
2024-02-22 22:47:55,910 [WARN] PackLoader:240 - Cannot read IP mode file for STMicroelectronics.X-CUBE-AZRTOS-H7.3.2.0
2024-02-22 22:47:55,914 [INFO] ThirdParty:978 - Integrity check success = true
2024-02-22 22:47:55,914 [INFO] IntegrityCheckThread:100 - exiting critical section [integrity check]
2024-02-22 22:47:55,914 [INFO] IntegrityCheckThread:103 - End integrity checks thread
2024-02-22 22:48:13,813 [ERROR] LogOutputStream:75 - [STDERR_REDIRECT] SLF4J: Failed to load class "org.slf4j.impl.StaticLoggerBinder".
2024-02-22 22:48:13,813 [ERROR] LogOutputStream:75 - [STDERR_REDIRECT] SLF4J: Defaulting to no-operation (NOP) logger implementation
2024-02-22 22:48:13,814 [ERROR] LogOutputStream:75 - [STDERR_REDIRECT] SLF4J: See http://www.slf4j.org/codes.html#StaticLoggerBinder for further details.
2024-02-22 22:50:58,255 [INFO] Activator:176 - 


2024-02-22 22:50:58,256 [INFO] Activator:177 - !SESSION log4j initialized
2024-02-22 22:51:00,051 [INFO] LogOutputStream:77 - [STDOUT_REDIRECT] 
